<?xml version="1.0" encoding="UTF-8"?>
<!-- Generated by org.testng.reporters.JUnitXMLReporter -->
<testsuite ignored="0" hostname="DESKTOP-LL50PAG" failures="2" tests="5" name="Run features in order" time="94.571" errors="0" timestamp="2025-09-10T22:47:51 IST">
  <testcase classname="io.cucumber.testng.AbstractTestNGCucumberTests" name="runScenario" time="0.291"/>
  <testcase classname="io.cucumber.testng.AbstractTestNGCucumberTests" name="runScenario" time="57.076"/>
  <testcase classname="io.cucumber.testng.AbstractTestNGCucumberTests" name="runScenario" time="11.235"/>
  <testcase classname="io.cucumber.testng.AbstractTestNGCucumberTests" name="runScenario" time="0.082">
    <failure type="io.cucumber.testng.UndefinedStepException" message="The step &amp;apos;the user navigates back to the home page&amp;apos; and 1 other step(s) are undefined.
You can implement these steps using the snippet(s) below:

@When(&amp;quot;the user navigates back to the home page&amp;quot;)
public void the_user_navigates_back_to_the_home_page() {
    // Write code here that turns the phrase above into concrete actions
    throw new io.cucumber.java.PendingException();
}
@Then(&amp;quot;the user should see premium homes in the results&amp;quot;)
public void the_user_should_see_premium_homes_in_the_results() {
    // Write code here that turns the phrase above into concrete actions
    throw new io.cucumber.java.PendingException();
}
">
      <![CDATA[io.cucumber.testng.UndefinedStepException: The step 'the user navigates back to the home page' and 1 other step(s) are undefined.
You can implement these steps using the snippet(s) below:

@When("the user navigates back to the home page")
public void the_user_navigates_back_to_the_home_page() {
    // Write code here that turns the phrase above into concrete actions
    throw new io.cucumber.java.PendingException();
}
@Then("the user should see premium homes in the results")
public void the_user_should_see_premium_homes_in_the_results() {
    // Write code here that turns the phrase above into concrete actions
    throw new io.cucumber.java.PendingException();
}

at ✽.the user navigates back to the home page(file:///C:/Users/vijay/eclipse-workspace/magicbricks_website_testing/src/test/resources/Feartures/searchPremiumHome.feature:5)
]]>
    </failure>
  </testcase> <!-- runScenario -->
  <testcase classname="io.cucumber.testng.AbstractTestNGCucumberTests" name="runScenario" time="16.537">
    <failure type="java.lang.AssertionError" message="Failed to select sortby mostrecent filter. expected [true] but found [false]">
      <![CDATA[java.lang.AssertionError: Failed to select sortby mostrecent filter. expected [true] but found [false]
at com.stepDefinition.shortlistProperty.clicks_on_sortby_and_selects_most_recent_filter(shortlistProperty.java:24)
at ✽.clicks on sortby and selects most recent filter(file:///C:/Users/vijay/eclipse-workspace/magicbricks_website_testing/src/test/resources/Feartures/shortlistProperty.feature:5)
... Removed 3 stack frames]]>
    </failure>
  </testcase> <!-- runScenario -->
</testsuite> <!-- Run features in order -->
