<html>
<head>
<title>TestNG:  Default test</title>
<link href="../testng.css" rel="stylesheet" type="text/css" />
<link href="../my-testng.css" rel="stylesheet" type="text/css" />

<style type="text/css">
.log { display: none;} 
.stack-trace { display: none;} 
</style>
<script type="text/javascript">
<!--
function flip(e) {
  current = e.style.display;
  if (current == 'block') {
    e.style.display = 'none';
    return 0;
  }
  else {
    e.style.display = 'block';
    return 1;
  }
}

function toggleBox(szDivId, elem, msg1, msg2)
{
  var res = -1;  if (document.getElementById) {
    res = flip(document.getElementById(szDivId));
  }
  else if (document.all) {
    // this is the way old msie versions work
    res = flip(document.all[szDivId]);
  }
  if(elem) {
    if(res == 0) elem.innerHTML = msg1; else elem.innerHTML = msg2;
  }

}

function toggleAllBoxes() {
  if (document.getElementsByTagName) {
    d = document.getElementsByTagName('div');
    for (i = 0; i < d.length; i++) {
      if (d[i].className == 'log') {
        flip(d[i]);
      }
    }
  }
}

// -->
</script>

</head>
<body>
<h2 align='center'>Default test</h2><table border='1' align="center">
<tr>
<td>Tests passed/Failed/Skipped:</td><td>1/4/0</td>
</tr><tr>
<td>Started on:</td><td>Wed Sep 10 10:54:28 IST 2025</td>
</tr>
<tr><td>Total time:</td><td>84 seconds (84631 ms)</td>
</tr><tr>
<td>Included groups:</td><td></td>
</tr><tr>
<td>Excluded groups:</td><td></td>
</tr>
</table><p/>
<small><i>(Hover the method name to see the test class name)</i></small><p/>
<table width='100%' border='1' class='invocation-failed'>
<tr><td colspan='4' align='center'><b>FAILED TESTS</b></td></tr>
<tr><td><b>Test method</b></td>
<td><b>Attribute(s)</b></td>
<td width="30%"><b>Exception</b></td>
<td width="10%"><b>Time (seconds)</b></td>
<td><b>Instance</b></td>
</tr>
<tr>
<td title='com.runner.TestRunnerTestNG.runScenario()'><b>runScenario</b><br>Test class: com.runner.TestRunnerTestNG<br>Test method: Runs Cucumber Scenarios<br>Parameters: "Verify shortlisting a property from the listing results", "Shortlist property from listing page"</td>
<td><div><pre>java.lang.AssertionError: Failed to select sortby mostrecent filter. expected [true] but found [false]
	at org.testng.Assert.fail(Assert.java:111)
	at org.testng.Assert.failNotEquals(Assert.java:1590)
	at org.testng.Assert.assertTrue(Assert.java:57)
	at com.stepDefinition.shortlistProperty.clicks_on_sortby_and_selects_most_recent_filter(shortlistProperty.java:24)
	at ✽.clicks on sortby and selects most recent filter(file:///C:/Users/vijay/eclipse-workspace/magicbricks_website_testing/src/test/resources/Feartures/shortlistProperty.feature:5)
</pre></div><a href='#' onClick='toggleBox("stack-trace1183912264", this, "Click to show all stack frames", "Click to hide stack frames")'>Click to show all stack frames</a>
<div class='stack-trace' id='stack-trace1183912264'><pre>java.lang.AssertionError: Failed to select sortby mostrecent filter. expected [true] but found [false]
	at org.testng.Assert.fail(Assert.java:111)
	at org.testng.Assert.failNotEquals(Assert.java:1590)
	at org.testng.Assert.assertTrue(Assert.java:57)
	at com.stepDefinition.shortlistProperty.clicks_on_sortby_and_selects_most_recent_filter(shortlistProperty.java:24)
	at ✽.clicks on sortby and selects most recent filter(file:///C:/Users/vijay/eclipse-workspace/magicbricks_website_testing/src/test/resources/Feartures/shortlistProperty.feature:5)
</pre></div></td>
<td>15</td>
<td>com.runner.TestRunnerTestNG@24313fcc</td></tr>
<tr>
<td title='com.runner.TestRunnerTestNG.runScenario()'><b>runScenario</b><br>Test class: com.runner.TestRunnerTestNG<br>Test method: Runs Cucumber Scenarios<br>Parameters: "Valid user login successfully", "Test Buying a property"</td>
<td><div><pre>java.lang.AssertionError: Failed at login -&gt; enterOtp() expected [true] but found [false]
	at org.testng.Assert.fail(Assert.java:111)
	at org.testng.Assert.failNotEquals(Assert.java:1590)
	at org.testng.Assert.assertTrue(Assert.java:57)
	at com.stepDefinition.Profile.i_enter_the_otp(Profile.java:49)
	at ✽.I enter the otp(file:///C:/Users/vijay/eclipse-workspace/magicbricks_website_testing/src/test/resources/Feartures/Profile.feature:8)
</pre></div><a href='#' onClick='toggleBox("stack-trace837249677", this, "Click to show all stack frames", "Click to hide stack frames")'>Click to show all stack frames</a>
<div class='stack-trace' id='stack-trace837249677'><pre>java.lang.AssertionError: Failed at login -&gt; enterOtp() expected [true] but found [false]
	at org.testng.Assert.fail(Assert.java:111)
	at org.testng.Assert.failNotEquals(Assert.java:1590)
	at org.testng.Assert.assertTrue(Assert.java:57)
	at com.stepDefinition.Profile.i_enter_the_otp(Profile.java:49)
	at ✽.I enter the otp(file:///C:/Users/vijay/eclipse-workspace/magicbricks_website_testing/src/test/resources/Feartures/Profile.feature:8)
</pre></div></td>
<td>46</td>
<td>com.runner.TestRunnerTestNG@24313fcc</td></tr>
<tr>
<td title='com.runner.TestRunnerTestNG.runScenario()'><b>runScenario</b><br>Test class: com.runner.TestRunnerTestNG<br>Test method: Runs Cucumber Scenarios<br>Parameters: "Search and validate property listings by location", "Magicbricks Property Search"</td>
<td><div><pre>java.lang.AssertionError: Failed to enter location: Chennai expected [true] but found [false]
	at org.testng.Assert.fail(Assert.java:111)
	at org.testng.Assert.failNotEquals(Assert.java:1590)
	at org.testng.Assert.assertTrue(Assert.java:57)
	at com.stepDefinition.searchHome.the_user_enters_in_the_search_bar(searchHome.java:29)
	at ✽.the user enters &quot;Chennai&quot; in the Search bar(file:///C:/Users/vijay/eclipse-workspace/magicbricks_website_testing/src/test/resources/Feartures/searchHome.feature:5)
</pre></div><a href='#' onClick='toggleBox("stack-trace2124360754", this, "Click to show all stack frames", "Click to hide stack frames")'>Click to show all stack frames</a>
<div class='stack-trace' id='stack-trace2124360754'><pre>java.lang.AssertionError: Failed to enter location: Chennai expected [true] but found [false]
	at org.testng.Assert.fail(Assert.java:111)
	at org.testng.Assert.failNotEquals(Assert.java:1590)
	at org.testng.Assert.assertTrue(Assert.java:57)
	at com.stepDefinition.searchHome.the_user_enters_in_the_search_bar(searchHome.java:29)
	at ✽.the user enters &quot;Chennai&quot; in the Search bar(file:///C:/Users/vijay/eclipse-workspace/magicbricks_website_testing/src/test/resources/Feartures/searchHome.feature:5)
</pre></div></td>
<td>15</td>
<td>com.runner.TestRunnerTestNG@24313fcc</td></tr>
<tr>
<td title='com.runner.TestRunnerTestNG.runScenario()'><b>runScenario</b><br>Test class: com.runner.TestRunnerTestNG<br>Test method: Runs Cucumber Scenarios<br>Parameters: "Get the details of the property and owner successfully", "View property details and contact the owner"</td>
<td><div><pre>java.lang.AssertionError: Failed to navigate to the property details page. expected [true] but found [false]
	at org.testng.Assert.fail(Assert.java:111)
	at org.testng.Assert.failNotEquals(Assert.java:1590)
	at org.testng.Assert.assertTrue(Assert.java:57)
	at com.stepDefinition.viewpropertyDetails.i_validate_that_the_property_details_page_is_open(viewpropertyDetails.java:24)
	at ✽.I validate that the property details page is open(file:///C:/Users/vijay/eclipse-workspace/magicbricks_website_testing/src/test/resources/Feartures/viewpropertyDetails.feature:5)
</pre></div><a href='#' onClick='toggleBox("stack-trace1808470758", this, "Click to show all stack frames", "Click to hide stack frames")'>Click to show all stack frames</a>
<div class='stack-trace' id='stack-trace1808470758'><pre>java.lang.AssertionError: Failed to navigate to the property details page. expected [true] but found [false]
	at org.testng.Assert.fail(Assert.java:111)
	at org.testng.Assert.failNotEquals(Assert.java:1590)
	at org.testng.Assert.assertTrue(Assert.java:57)
	at com.stepDefinition.viewpropertyDetails.i_validate_that_the_property_details_page_is_open(viewpropertyDetails.java:24)
	at ✽.I validate that the property details page is open(file:///C:/Users/vijay/eclipse-workspace/magicbricks_website_testing/src/test/resources/Feartures/viewpropertyDetails.feature:5)
</pre></div></td>
<td>0</td>
<td>com.runner.TestRunnerTestNG@24313fcc</td></tr>
</table><p>
<table width='100%' border='1' class='invocation-passed'>
<tr><td colspan='4' align='center'><b>PASSED TESTS</b></td></tr>
<tr><td><b>Test method</b></td>
<td><b>Attribute(s)</b></td>
<td width="30%"><b>Exception</b></td>
<td width="10%"><b>Time (seconds)</b></td>
<td><b>Instance</b></td>
</tr>
<tr>
<td title='com.runner.TestRunnerTestNG.runScenario()'><b>runScenario</b><br>Test class: com.runner.TestRunnerTestNG<br>Test method: Runs Cucumber Scenarios<br>Parameters: "Get the details of the property and owner successfully", "Test Buying a property"</td>
<td></td>
<td>0</td>
<td>com.runner.TestRunnerTestNG@24313fcc</td></tr>
</table><p>
</body>
</html>