<?xml version="1.0" encoding="UTF-8"?>
<!-- Generated by org.testng.reporters.JUnitReportReporter -->
<testsuite hostname="DESKTOP-LL50PAG" failures="3" tests="5" name="com.runner.TestRunnerTestNG" time="129.456" errors="0" timestamp="2025-09-10T23:20:27 IST" skipped="0">
  <testcase classname="com.runner.TestRunnerTestNG" name="runScenario" time="16.152">
    <failure message="Failed to navigate back to home page. expected [true] but found [false]" type="java.lang.AssertionError">
      <![CDATA[java.lang.AssertionError: Failed to navigate back to home page. expected [true] but found [false]
at org.testng.Assert.fail(Assert.java:111)
at org.testng.Assert.failNotEquals(Assert.java:1590)
at org.testng.Assert.assertTrue(Assert.java:57)
at com.stepDefinition.searchPremiumHome.the_user_navigates_back_to_the_home_page(searchPremiumHome.java:29)
at ✽.the user navigates back to the home page(file:///C:/Users/vijay/eclipse-workspace/magicbricks_website_testing/src/test/resources/Feartures/searchPremiumHome.feature:7)
]]>
    </failure>
  </testcase> <!-- runScenario -->
  <testcase classname="com.runner.TestRunnerTestNG" name="runScenario" time="81.845"/>
  <testcase classname="com.runner.TestRunnerTestNG" name="runScenario" time="9.854">
    <failure message="User not redirected to listing page or Sort By dropdown not visible expected [true] but found [false]" type="java.lang.AssertionError">
      <![CDATA[java.lang.AssertionError: User not redirected to listing page or Sort By dropdown not visible expected [true] but found [false]
at org.testng.Assert.fail(Assert.java:111)
at org.testng.Assert.failNotEquals(Assert.java:1590)
at org.testng.Assert.assertTrue(Assert.java:57)
at com.stepDefinition.searchHome.the_user_should_be_redirected_to_the_property_listing_page(searchHome.java:53)
at ✽.the user should be redirected to the property listing page(file:///C:/Users/vijay/eclipse-workspace/magicbricks_website_testing/src/test/resources/Feartures/searchHome.feature:11)
]]>
    </failure>
  </testcase> <!-- runScenario -->
  <testcase classname="com.runner.TestRunnerTestNG" name="runScenario" time="21.435">
    <failure message="Failed to click on the shortlisted property. expected [true] but found [false]" type="java.lang.AssertionError">
      <![CDATA[java.lang.AssertionError: Failed to click on the shortlisted property. expected [true] but found [false]
at org.testng.Assert.fail(Assert.java:111)
at org.testng.Assert.failNotEquals(Assert.java:1590)
at org.testng.Assert.assertTrue(Assert.java:57)
at com.stepDefinition.shortlistProperty.i_click_on_property(shortlistProperty.java:43)
at ✽.I click on property(file:///C:/Users/vijay/eclipse-workspace/magicbricks_website_testing/src/test/resources/Feartures/shortlistProperty.feature:10)
]]>
    </failure>
  </testcase> <!-- runScenario -->
  <testcase classname="com.runner.TestRunnerTestNG" name="runScenario" time="0.170"/>
</testsuite> <!-- com.runner.TestRunnerTestNG -->
