<?xml version="1.0" encoding="UTF-8"?>
<!-- Generated by org.testng.reporters.JUnitReportReporter -->
<testsuite hostname="DESKTOP-LL50PAG" failures="1" tests="5" name="com.runner.OrderedRunner" time="85.221" errors="1" timestamp="2025-09-10T22:47:51 IST" skipped="0">
  <testcase classname="com.runner.OrderedRunner" name="runScenario" time="11.235"/>
  <testcase classname="com.runner.OrderedRunner" name="runScenario" time="0.082">
    <error message="The step &#039;the user navigates back to the home page&#039; and 1 other step(s) are undefined.
You can implement these steps using the snippet(s) below:

@When(&quot;the user navigates back to the home page&quot;)
public void the_user_navigates_back_to_the_home_page() {
    // Write code here that turns the phrase above into concrete actions
    throw new io.cucumber.java.PendingException();
}
@Then(&quot;the user should see premium homes in the results&quot;)
public void the_user_should_see_premium_homes_in_the_results() {
    // Write code here that turns the phrase above into concrete actions
    throw new io.cucumber.java.PendingException();
}
" type="io.cucumber.testng.UndefinedStepException">
      <![CDATA[io.cucumber.testng.UndefinedStepException: The step 'the user navigates back to the home page' and 1 other step(s) are undefined.
You can implement these steps using the snippet(s) below:

@When("the user navigates back to the home page")
public void the_user_navigates_back_to_the_home_page() {
    // Write code here that turns the phrase above into concrete actions
    throw new io.cucumber.java.PendingException();
}
@Then("the user should see premium homes in the results")
public void the_user_should_see_premium_homes_in_the_results() {
    // Write code here that turns the phrase above into concrete actions
    throw new io.cucumber.java.PendingException();
}

at ✽.the user navigates back to the home page(file:///C:/Users/vijay/eclipse-workspace/magicbricks_website_testing/src/test/resources/Feartures/searchPremiumHome.feature:5)
]]>
    </error>
  </testcase> <!-- runScenario -->
  <testcase classname="com.runner.OrderedRunner" name="runScenario" time="0.291"/>
  <testcase classname="com.runner.OrderedRunner" name="runScenario" time="16.537">
    <failure message="Failed to select sortby mostrecent filter. expected [true] but found [false]" type="java.lang.AssertionError">
      <![CDATA[java.lang.AssertionError: Failed to select sortby mostrecent filter. expected [true] but found [false]
at org.testng.Assert.fail(Assert.java:111)
at org.testng.Assert.failNotEquals(Assert.java:1590)
at org.testng.Assert.assertTrue(Assert.java:57)
at com.stepDefinition.shortlistProperty.clicks_on_sortby_and_selects_most_recent_filter(shortlistProperty.java:24)
at ✽.clicks on sortby and selects most recent filter(file:///C:/Users/vijay/eclipse-workspace/magicbricks_website_testing/src/test/resources/Feartures/shortlistProperty.feature:5)
]]>
    </failure>
  </testcase> <!-- runScenario -->
  <testcase classname="com.runner.OrderedRunner" name="runScenario" time="57.076"/>
</testsuite> <!-- com.runner.OrderedRunner -->
